💳 QR POINT OF SALE ECOSYSTEM INITIALIZING...
   From QR codes to complete payment dominance
   12-15 verticals, 1-3% on everything
   The ultimate personal assistant that owns the flow
💰 PAYMENT ECOSYSTEM ORCHESTRATOR INITIALIZING...
   15 verticals identified
   1-3% commission on everything
   Building the ultimate lock-in

🚀 LAUNCHING PAYMENT ECOSYSTEM...

  ✓ Universal QR Engine ready
  ✓ Smart POS Terminal system ready
  ✓ Payment processing engine ready
  ✓ AI Budgeting Assistant ready

✅ Payment ecosystem ready to dominate
💳 PAYMENT ECOSYSTEM LIVE!
   Port: 8888
   QR → POS → Payments → Everything

📊 Commission streams active:
   payments: 2.9%
   qrRewards: 1.0%
   billPay: 0.5%
   budgeting: 0.1%
   merchant: 2.5%
   inventory: 1.5%
   analytics: 2.0%
   dining: 3.0%
   grocery: 2.0%
   crypto: 1.5%
   international: 3.5%
   subscription: 10.0%

🎯 The ultimate personal assistant ecosystem
   Once they use it, they can't leave
