node:internal/modules/cjs/loader:1143
  throw err;
  ^

Error: Cannot find module '../ui/SwipeUI'
Require stack:
- /Users/matthewmauer/Desktop/Soulfra-AgentZero/Founder-Bootstrap/Blank-Kernel/tier-0/tier-minus1/tier-minus2/tier-minus3/tier-minus4/tier-minus5/tier-minus6/tier-minus7/tier-minus8/tier-minus9/tier-minus10/api/SoulfraAPIRouter.js
    at Module._resolveFilename (node:internal/modules/cjs/loader:1140:15)
    at Module._load (node:internal/modules/cjs/loader:981:27)
    at Module.require (node:internal/modules/cjs/loader:1231:19)
    at require (node:internal/modules/helpers:177:18)
    at Object.<anonymous> (/Users/matthewmauer/Desktop/Soulfra-AgentZero/Founder-Bootstrap/Blank-Kernel/tier-0/tier-minus1/tier-minus2/tier-minus3/tier-minus4/tier-minus5/tier-minus6/tier-minus7/tier-minus8/tier-minus9/tier-minus10/api/SoulfraAPIRouter.js:22:17)
    at Module._compile (node:internal/modules/cjs/loader:1364:14)
    at Module._extensions..js (node:internal/modules/cjs/loader:1422:10)
    at Module.load (node:internal/modules/cjs/loader:1203:32)
    at Module._load (node:internal/modules/cjs/loader:1019:12)
    at Function.executeUserEntryPoint [as runMain] (node:internal/modules/run_main:128:12) {
  code: 'MODULE_NOT_FOUND',
  requireStack: [
    '/Users/matthewmauer/Desktop/Soulfra-AgentZero/Founder-Bootstrap/Blank-Kernel/tier-0/tier-minus1/tier-minus2/tier-minus3/tier-minus4/tier-minus5/tier-minus6/tier-minus7/tier-minus8/tier-minus9/tier-minus10/api/SoulfraAPIRouter.js'
  ]
}

Node.js v18.20.8
