from FILE_READ_RULE import safe_read_text, safe_write_text, quick_read_check


=====================================
    SOULFRA SERVICE MONITOR
=====================================

[STARTING] Monitor dashboard on port 7777...

Monitoring services:
- Chat Log Processor (port 4040)
- Simple Game (port 5555)
- Working Platform (port 3002)
- Dashboard (port 7777)

Dashboard: http://localhost:7777

[READY] Monitor running at http://localhost:7777
----------------------------------------
Exception occurred during processing of request from ('127.0.0.1', 61827)
Traceback (most recent call last):
  File "/Library/Frameworks/Python.framework/Versions/3.13/lib/python3.13/socketserver.py", line 318, in _handle_request_noblock
    self.process_request(request, client_address)
    ~~~~~~~~~~~~~~~~~~~~^^^^^^^^^^^^^^^^^^^^^^^^^
  File "/Library/Frameworks/Python.framework/Versions/3.13/lib/python3.13/socketserver.py", line 349, in process_request
    self.finish_request(request, client_address)
    ~~~~~~~~~~~~~~~~~~~^^^^^^^^^^^^^^^^^^^^^^^^^
  File "/Library/Frameworks/Python.framework/Versions/3.13/lib/python3.13/socketserver.py", line 362, in finish_request
    self.RequestHandlerClass(request, client_address, self)
    ~~~~~~~~~~~~~~~~~~~~~~~~^^^^^^^^^^^^^^^^^^^^^^^^^^^^^^^
  File "/Library/Frameworks/Python.framework/Versions/3.13/lib/python3.13/socketserver.py", line 766, in __init__
    self.handle()
    ~~~~~~~~~~~^^
  File "/Library/Frameworks/Python.framework/Versions/3.13/lib/python3.13/http/server.py", line 436, in handle
    self.handle_one_request()
    ~~~~~~~~~~~~~~~~~~~~~~~^^
  File "/Library/Frameworks/Python.framework/Versions/3.13/lib/python3.13/http/server.py", line 424, in handle_one_request
    method()
    ~~~~~~^^
  File "/Users/matthewmauer/Desktop/Soulfra-AgentZero/Founder-Bootstrap/Blank-Kernel/tier-0/tier-minus1/tier-minus2/tier-minus3/tier-minus4/tier-minus5/tier-minus6/tier-minus7/tier-minus8/tier-minus9/tier-minus10/SOULFRA_MONITOR.py", line 119, in do_GET
    self.serve_dashboard()
    ~~~~~~~~~~~~~~~~~~~~^^
  File "/Users/matthewmauer/Desktop/Soulfra-AgentZero/Founder-Bootstrap/Blank-Kernel/tier-0/tier-minus1/tier-minus2/tier-minus3/tier-minus4/tier-minus5/tier-minus6/tier-minus7/tier-minus8/tier-minus9/tier-minus10/SOULFRA_MONITOR.py", line 352, in serve_dashboard
    self.wfile.write(html.encode())
    ~~~~~~~~~~~~~~~~^^^^^^^^^^^^^^^
  File "/Library/Frameworks/Python.framework/Versions/3.13/lib/python3.13/socketserver.py", line 845, in write
    self._sock.sendall(b)
    ~~~~~~~~~~~~~~~~~~^^^
BrokenPipeError: [Errno 32] Broken pipe
----------------------------------------
