Traceback (most recent call last):
  File "/Users/matthewmauer/Desktop/Soulfra-AgentZero/Founder-Bootstrap/Blank-Kernel/tier-0/tier-minus1/tier-minus2/tier-minus3/tier-minus4/tier-minus5/tier-minus6/tier-minus7/tier-minus8/tier-minus9/tier-minus10/WORKING_PLATFORM.py", line 229, in <module>
    httpd = socketserver.TCPServer(("", PORT), PlatformHandler)
  File "/Library/Frameworks/Python.framework/Versions/3.13/lib/python3.13/socketserver.py", line 457, in __init__
    self.server_bind()
    ~~~~~~~~~~~~~~~~^^
  File "/Library/Frameworks/Python.framework/Versions/3.13/lib/python3.13/socketserver.py", line 478, in server_bind
    self.socket.bind(self.server_address)
    ~~~~~~~~~~~~~~~~^^^^^^^^^^^^^^^^^^^^^
OSError: [Errno 48] Address already in use

╔════════════════════════════════════════════════════════════╗
║                                                            ║
║               SOULFRA WORKING PLATFORM                     ║
║                                                            ║
║  Running at: http://localhost:3002                       ║
║                                                            ║
║  Features:                                                 ║
║  ✓ Game and API router on same port (no CORS issues)      ║
║  ✓ Click game with score tracking                         ║
║  ✓ Reflection system for Cal Riven                        ║
║  ✓ Real-time API statistics                               ║
║  ✓ Activity logging                                       ║
║                                                            ║
║  Everything in one place = Actually works!                 ║
║                                                            ║
╚════════════════════════════════════════════════════════════╝

[PLATFORM] "GET / HTTP/1.1" 200 -
[PLATFORM] "GET / HTTP/1.1" 200 -
[PLATFORM] "GET / HTTP/1.1" 200 -
[PLATFORM] "GET / HTTP/1.1" 200 -
[PLATFORM] "GET / HTTP/1.1" 200 -
[PLATFORM] "GET / HTTP/1.1" 200 -
[PLATFORM] "GET / HTTP/1.1" 200 -
[PLATFORM] "GET / HTTP/1.1" 200 -
[PLATFORM] "GET / HTTP/1.1" 200 -
[PLATFORM] "GET / HTTP/1.1" 200 -
[PLATFORM] "GET / HTTP/1.1" 200 -
[PLATFORM] "GET / HTTP/1.1" 200 -
[PLATFORM] "GET / HTTP/1.1" 200 -
[PLATFORM] "GET / HTTP/1.1" 200 -
[PLATFORM] "GET / HTTP/1.1" 200 -
[PLATFORM] "GET / HTTP/1.1" 200 -
[PLATFORM] "GET / HTTP/1.1" 200 -
[PLATFORM] "GET / HTTP/1.1" 200 -
